# JRE version: Java(TM) SE Runtime Environment (8.0_121-b13) (build 1.8.0_121-b13)
# Java VM: Java HotSpot(TM) 64-Bit Server VM (25.121-b13 mixed mode windows-amd64 compressed oops)
Heap:
 def new generation   total 19648K, used 6802K [0x00000000c8000000, 0x00000000c9550000, 0x00000000daaa0000)
  eden space 17472K,  26% used [0x00000000c8000000, 0x00000000c8484808, 0x00000000c9110000)
  from space 2176K, 100% used [0x00000000c9330000, 0x00000000c9550000, 0x00000000c9550000)
  to   space 2176K,   0% used [0x00000000c9110000, 0x00000000c9110000, 0x00000000c9330000)
 tenured generation   total 43520K, used 26777K [0x00000000daaa0000, 0x00000000dd520000, 0x0000000100000000)
   the space 43520K,  61% used [0x00000000daaa0000, 0x00000000dc4c6610, 0x00000000dc4c6800, 0x00000000dd520000)
 Metaspace       used 31863K, capacity 32610K, committed 32768K, reserved 1079296K
  class space    used 3548K, capacity 3777K, committed 3840K, reserved 1048576K
GC Heap History (10 events):
Event: 17172.448 GC heap before
{Heap before GC invocations=6242 (full 767):
 def new generation   total 19648K, used 19648K [0x00000000c8000000, 0x00000000c9550000, 0x00000000daaa0000)
  eden space 17472K, 100% used [0x00000000c8000000, 0x00000000c9110000, 0x00000000c9110000)
  from space 2176K, 100% used [0x00000000c9110000, 0x00000000c9330000, 0x00000000c9330000)
  to   space 2176K,   0% used [0x00000000c9330000, 0x00000000c9330000, 0x00000000c9550000)
 tenured generation   total 43520K, used 39660K [0x00000000daaa0000, 0x00000000dd520000, 0x0000000100000000)
   the space 43520K,  91% used [0x00000000daaa0000, 0x00000000dd15b338, 0x00000000dd15b400, 0x00000000dd520000)
 Metaspace       used 31636K, capacity 32322K, committed 32512K, reserved 1077248K
  class space    used 3526K, capacity 3745K, committed 3840K, reserved 1048576K
Event: 17172.510 GC heap after
Heap after GC invocations=6243 (full 768):
 def new generation   total 19648K, used 0K [0x00000000c8000000, 0x00000000c9550000, 0x00000000daaa0000)
  eden space 17472K,   0% used [0x00000000c8000000, 0x00000000c8000000, 0x00000000c9110000)
  from space 2176K,   0% used [0x00000000c9330000, 0x00000000c9330000, 0x00000000c9550000)
  to   space 2176K,   0% used [0x00000000c9110000, 0x00000000c9110000, 0x00000000c9330000)
 tenured generation   total 43520K, used 12460K [0x00000000daaa0000, 0x00000000dd520000, 0x0000000100000000)
   the space 43520K,  28% used [0x00000000daaa0000, 0x00000000db6cb300, 0x00000000db6cb400, 0x00000000dd520000)
 Metaspace       used 31636K, capacity 32322K, committed 32512K, reserved 1077248K
  class space    used 3526K, capacity 3745K, committed 3840K, reserved 1048576K
}
Event: 17172.531 GC heap before
{Heap before GC invocations=6243 (full 768):
 def new generation   total 19648K, used 17472K [0x00000000c8000000, 0x00000000c9550000, 0x00000000daaa0000)
  eden space 17472K, 100% used [0x00000000c8000000, 0x00000000c9110000, 0x00000000c9110000)
  from space 2176K,   0% used [0x00000000c9330000, 0x00000000c9330000, 0x00000000c9550000)
  to   space 2176K,   0% used [0x00000000c9110000, 0x00000000c9110000, 0x00000000c9330000)
 tenured generation   total 43520K, used 12460K [0x00000000daaa0000, 0x00000000dd520000, 0x0000000100000000)
   the space 43520K,  28% used [0x00000000daaa0000, 0x00000000db6cb300, 0x00000000db6cb400, 0x00000000dd520000)
 Metaspace       used 31636K, capacity 32322K, committed 32512K, reserved 1077248K
  class space    used 3526K, capacity 3745K, committed 3840K, reserved 1048576K
Event: 17172.537 GC heap after
Heap after GC invocations=6244 (full 768):
 def new generation   total 19648K, used 2175K [0x00000000c8000000, 0x00000000c9550000, 0x00000000daaa0000)
  eden space 17472K,   0% used [0x00000000c8000000, 0x00000000c8000000, 0x00000000c9110000)
  from space 2176K,  99% used [0x00000000c9110000, 0x00000000c932fff8, 0x00000000c9330000)
  to   space 2176K,   0% used [0x00000000c9330000, 0x00000000c9330000, 0x00000000c9550000)
 tenured generation   total 43520K, used 13421K [0x00000000daaa0000, 0x00000000dd520000, 0x0000000100000000)
   the space 43520K,  30% used [0x00000000daaa0000, 0x00000000db7bb680, 0x00000000db7bb800, 0x00000000dd520000)
 Metaspace       used 31636K, capacity 32322K, committed 32512K, reserved 1077248K
  class space    used 3526K, capacity 3745K, committed 3840K, reserved 1048576K
}
Event: 17259.636 GC heap before
{Heap before GC invocations=6244 (full 768):
 def new generation   total 19648K, used 19647K [0x00000000c8000000, 0x00000000c9550000, 0x00000000daaa0000)
  eden space 17472K, 100% used [0x00000000c8000000, 0x00000000c9110000, 0x00000000c9110000)
  from space 2176K,  99% used [0x00000000c9110000, 0x00000000c932fff8, 0x00000000c9330000)
  to   space 2176K,   0% used [0x00000000c9330000, 0x00000000c9330000, 0x00000000c9550000)
 tenured generation   total 43520K, used 13421K [0x00000000daaa0000, 0x00000000dd520000, 0x0000000100000000)
   the space 43520K,  30% used [0x00000000daaa0000, 0x00000000db7bb680, 0x00000000db7bb800, 0x00000000dd520000)
 Metaspace       used 31659K, capacity 32386K, committed 32512K, reserved 1077248K
  class space    used 3529K, capacity 3745K, committed 3840K, reserved 1048576K
Event: 17259.650 GC heap after
Heap after GC invocations=6245 (full 768):
 def new generation   total 19648K, used 2176K [0x00000000c8000000, 0x00000000c9550000, 0x00000000daaa0000)
  eden space 17472K,   0% used [0x00000000c8000000, 0x00000000c8000000, 0x00000000c9110000)
  from space 2176K, 100% used [0x00000000c9330000, 0x00000000c9550000, 0x00000000c9550000)
  to   space 2176K,   0% used [0x00000000c9110000, 0x00000000c9110000, 0x00000000c9330000)
 tenured generation   total 43520K, used 18139K [0x00000000daaa0000, 0x00000000dd520000, 0x0000000100000000)
   the space 43520K,  41% used [0x00000000daaa0000, 0x00000000dbc56df0, 0x00000000dbc56e00, 0x00000000dd520000)
 Metaspace       used 31659K, capacity 32386K, committed 32512K, reserved 1077248K
  class space    used 3529K, capacity 3745K, committed 3840K, reserved 1048576K
}
Event: 17259.669 GC heap before
{Heap before GC invocations=6245 (full 768):
 def new generation   total 19648K, used 19648K [0x00000000c8000000, 0x00000000c9550000, 0x00000000daaa0000)
  eden space 17472K, 100% used [0x00000000c8000000, 0x00000000c9110000, 0x00000000c9110000)
  from space 2176K, 100% used [0x00000000c9330000, 0x00000000c9550000, 0x00000000c9550000)
  to   space 2176K,   0% used [0x00000000c9110000, 0x00000000c9110000, 0x00000000c9330000)
 tenured generation   total 43520K, used 18139K [0x00000000daaa0000, 0x00000000dd520000, 0x0000000100000000)
   the space 43520K,  41% used [0x00000000daaa0000, 0x00000000dbc56df0, 0x00000000dbc56e00, 0x00000000dd520000)
 Metaspace       used 31659K, capacity 32386K, committed 32512K, reserved 1077248K
  class space    used 3529K, capacity 3745K, committed 3840K, reserved 1048576K
Event: 17259.679 GC heap after
Heap after GC invocations=6246 (full 768):
 def new generation   total 19648K, used 2175K [0x00000000c8000000, 0x00000000c9550000, 0x00000000daaa0000)
  eden space 17472K,   0% used [0x00000000c8000000, 0x00000000c8000000, 0x00000000c9110000)
  from space 2176K,  99% used [0x00000000c9110000, 0x00000000c932fff8, 0x00000000c9330000)
  to   space 2176K,   0% used [0x00000000c9330000, 0x00000000c9330000, 0x00000000c9550000)
 tenured generation   total 43520K, used 21297K [0x00000000daaa0000, 0x00000000dd520000, 0x0000000100000000)
   the space 43520K,  48% used [0x00000000daaa0000, 0x00000000dbf6c420, 0x00000000dbf6c600, 0x00000000dd520000)
 Metaspace       used 31659K, capacity 32386K, committed 32512K, reserved 1077248K
  class space    used 3529K, capacity 3745K, committed 3840K, reserved 1048576K
}
Event: 17259.741 GC heap before
{Heap before GC invocations=6246 (full 768):
 def new generation   total 19648K, used 19647K [0x00000000c8000000, 0x00000000c9550000, 0x00000000daaa0000)
  eden space 17472K, 100% used [0x00000000c8000000, 0x00000000c9110000, 0x00000000c9110000)
  from space 2176K,  99% used [0x00000000c9110000, 0x00000000c932fff8, 0x00000000c9330000)
  to   space 2176K,   0% used [0x00000000c9330000, 0x00000000c9330000, 0x00000000c9550000)
 tenured generation   total 43520K, used 21297K [0x00000000daaa0000, 0x00000000dd520000, 0x0000000100000000)
   the space 43520K,  48% used [0x00000000daaa0000, 0x00000000dbf6c420, 0x00000000dbf6c600, 0x00000000dd520000)
 Metaspace       used 31659K, capacity 32386K, committed 32512K, reserved 1077248K
  class space    used 3529K, capacity 3745K, committed 3840K, reserved 1048576K
Event: 17259.756 GC heap after
Heap after GC invocations=6247 (full 768):
 def new generation   total 19648K, used 2176K [0x00000000c8000000, 0x00000000c9550000, 0x00000000daaa0000)
  eden space 17472K,   0% used [0x00000000c8000000, 0x00000000c8000000, 0x00000000c9110000)
  from space 2176K, 100% used [0x00000000c9330000, 0x00000000c9550000, 0x00000000c9550000)
  to   space 2176K,   0% used [0x00000000c9110000, 0x00000000c9110000, 0x00000000c9330000)
 tenured generation   total 43520K, used 26777K [0x00000000daaa0000, 0x00000000dd520000, 0x0000000100000000)
   the space 43520K,  61% used [0x00000000daaa0000, 0x00000000dc4c6610, 0x00000000dc4c6800, 0x00000000dd520000)
 Metaspace       used 31659K, capacity 32386K, committed 32512K, reserved 1077248K
  class space    used 3529K, capacity 3745K, committed 3840K, reserved 1048576K
}

