# JRE version: Java(TM) SE Runtime Environment (8.0_121-b13) (build 1.8.0_121-b13)
# Java VM: Java HotSpot(TM) 64-Bit Server VM (25.121-b13 mixed mode windows-amd64 compressed oops)
Heap:
 def new generation   total 17216K, used 14204K [0x00000000c8000000, 0x00000000c92a0000, 0x00000000daaa0000)
  eden space 15360K,  80% used [0x00000000c8000000, 0x00000000c8c0f118, 0x00000000c8f00000)
  from space 1856K, 100% used [0x00000000c8f00000, 0x00000000c90d0000, 0x00000000c90d0000)
  to   space 1856K,   0% used [0x00000000c90d0000, 0x00000000c90d0000, 0x00000000c92a0000)
 tenured generation   total 38272K, used 5773K [0x00000000daaa0000, 0x00000000dd000000, 0x0000000100000000)
   the space 38272K,  15% used [0x00000000daaa0000, 0x00000000db043518, 0x00000000db043600, 0x00000000dd000000)
 Metaspace       used 14369K, capacity 14538K, committed 14720K, reserved 1062912K
  class space    used 1778K, capacity 1871K, committed 1920K, reserved 1048576K
GC Heap History (8 events):
Event: 45.311 GC heap before
{Heap before GC invocations=0 (full 0):
 def new generation   total 17216K, used 15360K [0x00000000c8000000, 0x00000000c92a0000, 0x00000000daaa0000)
  eden space 15360K, 100% used [0x00000000c8000000, 0x00000000c8f00000, 0x00000000c8f00000)
  from space 1856K,   0% used [0x00000000c8f00000, 0x00000000c8f00000, 0x00000000c90d0000)
  to   space 1856K,   0% used [0x00000000c90d0000, 0x00000000c90d0000, 0x00000000c92a0000)
 tenured generation   total 38272K, used 0K [0x00000000daaa0000, 0x00000000dd000000, 0x0000000100000000)
   the space 38272K,   0% used [0x00000000daaa0000, 0x00000000daaa0000, 0x00000000daaa0200, 0x00000000dd000000)
 Metaspace       used 7179K, capacity 7356K, committed 7680K, reserved 1056768K
  class space    used 873K, capacity 920K, committed 1024K, reserved 1048576K
Event: 45.316 GC heap after
Heap after GC invocations=1 (full 0):
 def new generation   total 17216K, used 1856K [0x00000000c8000000, 0x00000000c92a0000, 0x00000000daaa0000)
  eden space 15360K,   0% used [0x00000000c8000000, 0x00000000c8000000, 0x00000000c8f00000)
  from space 1856K, 100% used [0x00000000c90d0000, 0x00000000c92a0000, 0x00000000c92a0000)
  to   space 1856K,   0% used [0x00000000c8f00000, 0x00000000c8f00000, 0x00000000c90d0000)
 tenured generation   total 38272K, used 1567K [0x00000000daaa0000, 0x00000000dd000000, 0x0000000100000000)
   the space 38272K,   4% used [0x00000000daaa0000, 0x00000000dac27f40, 0x00000000dac28000, 0x00000000dd000000)
 Metaspace       used 7179K, capacity 7356K, committed 7680K, reserved 1056768K
  class space    used 873K, capacity 920K, committed 1024K, reserved 1048576K
}
Event: 45.726 GC heap before
{Heap before GC invocations=1 (full 0):
 def new generation   total 17216K, used 17216K [0x00000000c8000000, 0x00000000c92a0000, 0x00000000daaa0000)
  eden space 15360K, 100% used [0x00000000c8000000, 0x00000000c8f00000, 0x00000000c8f00000)
  from space 1856K, 100% used [0x00000000c90d0000, 0x00000000c92a0000, 0x00000000c92a0000)
  to   space 1856K,   0% used [0x00000000c8f00000, 0x00000000c8f00000, 0x00000000c90d0000)
 tenured generation   total 38272K, used 1567K [0x00000000daaa0000, 0x00000000dd000000, 0x0000000100000000)
   the space 38272K,   4% used [0x00000000daaa0000, 0x00000000dac27f40, 0x00000000dac28000, 0x00000000dd000000)
 Metaspace       used 8065K, capacity 8188K, committed 8320K, reserved 1056768K
  class space    used 1005K, capacity 1048K, committed 1152K, reserved 1048576K
Event: 45.731 GC heap after
Heap after GC invocations=2 (full 0):
 def new generation   total 17216K, used 1240K [0x00000000c8000000, 0x00000000c92a0000, 0x00000000daaa0000)
  eden space 15360K,   0% used [0x00000000c8000000, 0x00000000c8000000, 0x00000000c8f00000)
  from space 1856K,  66% used [0x00000000c8f00000, 0x00000000c90360b8, 0x00000000c90d0000)
  to   space 1856K,   0% used [0x00000000c90d0000, 0x00000000c90d0000, 0x00000000c92a0000)
 tenured generation   total 38272K, used 2790K [0x00000000daaa0000, 0x00000000dd000000, 0x0000000100000000)
   the space 38272K,   7% used [0x00000000daaa0000, 0x00000000dad59810, 0x00000000dad59a00, 0x00000000dd000000)
 Metaspace       used 8065K, capacity 8188K, committed 8320K, reserved 1056768K
  class space    used 1005K, capacity 1048K, committed 1152K, reserved 1048576K
}
Event: 51.684 GC heap before
{Heap before GC invocations=2 (full 0):
 def new generation   total 17216K, used 16600K [0x00000000c8000000, 0x00000000c92a0000, 0x00000000daaa0000)
  eden space 15360K, 100% used [0x00000000c8000000, 0x00000000c8f00000, 0x00000000c8f00000)
  from space 1856K,  66% used [0x00000000c8f00000, 0x00000000c90360b8, 0x00000000c90d0000)
  to   space 1856K,   0% used [0x00000000c90d0000, 0x00000000c90d0000, 0x00000000c92a0000)
 tenured generation   total 38272K, used 2790K [0x00000000daaa0000, 0x00000000dd000000, 0x0000000100000000)
   the space 38272K,   7% used [0x00000000daaa0000, 0x00000000dad59810, 0x00000000dad59a00, 0x00000000dd000000)
 Metaspace       used 10136K, capacity 10298K, committed 10368K, reserved 1058816K
  class space    used 1266K, capacity 1347K, committed 1408K, reserved 1048576K
Event: 51.689 GC heap after
Heap after GC invocations=3 (full 0):
 def new generation   total 17216K, used 1856K [0x00000000c8000000, 0x00000000c92a0000, 0x00000000daaa0000)
  eden space 15360K,   0% used [0x00000000c8000000, 0x00000000c8000000, 0x00000000c8f00000)
  from space 1856K, 100% used [0x00000000c90d0000, 0x00000000c92a0000, 0x00000000c92a0000)
  to   space 1856K,   0% used [0x00000000c8f00000, 0x00000000c8f00000, 0x00000000c90d0000)
 tenured generation   total 38272K, used 4158K [0x00000000daaa0000, 0x00000000dd000000, 0x0000000100000000)
   the space 38272K,  10% used [0x00000000daaa0000, 0x00000000daeafb58, 0x00000000daeafc00, 0x00000000dd000000)
 Metaspace       used 10136K, capacity 10298K, committed 10368K, reserved 1058816K
  class space    used 1266K, capacity 1347K, committed 1408K, reserved 1048576K
}
Event: 66.252 GC heap before
{Heap before GC invocations=3 (full 0):
 def new generation   total 17216K, used 17216K [0x00000000c8000000, 0x00000000c92a0000, 0x00000000daaa0000)
  eden space 15360K, 100% used [0x00000000c8000000, 0x00000000c8f00000, 0x00000000c8f00000)
  from space 1856K, 100% used [0x00000000c90d0000, 0x00000000c92a0000, 0x00000000c92a0000)
  to   space 1856K,   0% used [0x00000000c8f00000, 0x00000000c8f00000, 0x00000000c90d0000)
 tenured generation   total 38272K, used 4158K [0x00000000daaa0000, 0x00000000dd000000, 0x0000000100000000)
   the space 38272K,  10% used [0x00000000daaa0000, 0x00000000daeafb58, 0x00000000daeafc00, 0x00000000dd000000)
 Metaspace       used 12180K, capacity 12334K, committed 12672K, reserved 1060864K
  class space    used 1553K, capacity 1637K, committed 1664K, reserved 1048576K
Event: 66.258 GC heap after
Heap after GC invocations=4 (full 0):
 def new generation   total 17216K, used 1856K [0x00000000c8000000, 0x00000000c92a0000, 0x00000000daaa0000)
  eden space 15360K,   0% used [0x00000000c8000000, 0x00000000c8000000, 0x00000000c8f00000)
  from space 1856K, 100% used [0x00000000c8f00000, 0x00000000c90d0000, 0x00000000c90d0000)
  to   space 1856K,   0% used [0x00000000c90d0000, 0x00000000c90d0000, 0x00000000c92a0000)
 tenured generation   total 38272K, used 5773K [0x00000000daaa0000, 0x00000000dd000000, 0x0000000100000000)
   the space 38272K,  15% used [0x00000000daaa0000, 0x00000000db043518, 0x00000000db043600, 0x00000000dd000000)
 Metaspace       used 12180K, capacity 12334K, committed 12672K, reserved 1060864K
  class space    used 1553K, capacity 1637K, committed 1664K, reserved 1048576K
}

