# JRE version: Java(TM) SE Runtime Environment (8.0_121-b13) (build 1.8.0_121-b13)
# Java VM: Java HotSpot(TM) 64-Bit Server VM (25.121-b13 mixed mode windows-amd64 compressed oops)
Heap:
 def new generation   total 17216K, used 15122K [0x00000000c8000000, 0x00000000c92a0000, 0x00000000daaa0000)
  eden space 15360K,  92% used [0x00000000c8000000, 0x00000000c8dd1530, 0x00000000c8f00000)
  from space 1856K,  52% used [0x00000000c8f00000, 0x00000000c8ff33f0, 0x00000000c90d0000)
  to   space 1856K,   0% used [0x00000000c90d0000, 0x00000000c90d0000, 0x00000000c92a0000)
 tenured generation   total 38272K, used 7945K [0x00000000daaa0000, 0x00000000dd000000, 0x0000000100000000)
   the space 38272K,  20% used [0x00000000daaa0000, 0x00000000db2626c0, 0x00000000db262800, 0x00000000dd000000)
 Metaspace       used 14153K, capacity 14314K, committed 14592K, reserved 1062912K
  class space    used 1606K, capacity 1667K, committed 1792K, reserved 1048576K
GC Heap History (8 events):
Event: 7.789 GC heap before
{Heap before GC invocations=0 (full 0):
 def new generation   total 17216K, used 15360K [0x00000000c8000000, 0x00000000c92a0000, 0x00000000daaa0000)
  eden space 15360K, 100% used [0x00000000c8000000, 0x00000000c8f00000, 0x00000000c8f00000)
  from space 1856K,   0% used [0x00000000c8f00000, 0x00000000c8f00000, 0x00000000c90d0000)
  to   space 1856K,   0% used [0x00000000c90d0000, 0x00000000c90d0000, 0x00000000c92a0000)
 tenured generation   total 38272K, used 0K [0x00000000daaa0000, 0x00000000dd000000, 0x0000000100000000)
   the space 38272K,   0% used [0x00000000daaa0000, 0x00000000daaa0000, 0x00000000daaa0200, 0x00000000dd000000)
 Metaspace       used 7729K, capacity 7816K, committed 7936K, reserved 1056768K
  class space    used 863K, capacity 920K, committed 1024K, reserved 1048576K
Event: 7.797 GC heap after
Heap after GC invocations=1 (full 0):
 def new generation   total 17216K, used 1855K [0x00000000c8000000, 0x00000000c92a0000, 0x00000000daaa0000)
  eden space 15360K,   0% used [0x00000000c8000000, 0x00000000c8000000, 0x00000000c8f00000)
  from space 1856K,  99% used [0x00000000c90d0000, 0x00000000c929fff8, 0x00000000c92a0000)
  to   space 1856K,   0% used [0x00000000c8f00000, 0x00000000c8f00000, 0x00000000c90d0000)
 tenured generation   total 38272K, used 1174K [0x00000000daaa0000, 0x00000000dd000000, 0x0000000100000000)
   the space 38272K,   3% used [0x00000000daaa0000, 0x00000000dabc5ac8, 0x00000000dabc5c00, 0x00000000dd000000)
 Metaspace       used 7729K, capacity 7816K, committed 7936K, reserved 1056768K
  class space    used 863K, capacity 920K, committed 1024K, reserved 1048576K
}
Event: 10.165 GC heap before
{Heap before GC invocations=1 (full 0):
 def new generation   total 17216K, used 17215K [0x00000000c8000000, 0x00000000c92a0000, 0x00000000daaa0000)
  eden space 15360K, 100% used [0x00000000c8000000, 0x00000000c8f00000, 0x00000000c8f00000)
  from space 1856K,  99% used [0x00000000c90d0000, 0x00000000c929fff8, 0x00000000c92a0000)
  to   space 1856K,   0% used [0x00000000c8f00000, 0x00000000c8f00000, 0x00000000c90d0000)
 tenured generation   total 38272K, used 1174K [0x00000000daaa0000, 0x00000000dd000000, 0x0000000100000000)
   the space 38272K,   3% used [0x00000000daaa0000, 0x00000000dabc5ac8, 0x00000000dabc5c00, 0x00000000dd000000)
 Metaspace       used 10390K, capacity 10504K, committed 10752K, reserved 1058816K
  class space    used 1117K, capacity 1176K, committed 1280K, reserved 1048576K
Event: 10.173 GC heap after
Heap after GC invocations=2 (full 0):
 def new generation   total 17216K, used 1856K [0x00000000c8000000, 0x00000000c92a0000, 0x00000000daaa0000)
  eden space 15360K,   0% used [0x00000000c8000000, 0x00000000c8000000, 0x00000000c8f00000)
  from space 1856K, 100% used [0x00000000c8f00000, 0x00000000c90d0000, 0x00000000c90d0000)
  to   space 1856K,   0% used [0x00000000c90d0000, 0x00000000c90d0000, 0x00000000c92a0000)
 tenured generation   total 38272K, used 3335K [0x00000000daaa0000, 0x00000000dd000000, 0x0000000100000000)
   the space 38272K,   8% used [0x00000000daaa0000, 0x00000000dade1dd8, 0x00000000dade1e00, 0x00000000dd000000)
 Metaspace       used 10390K, capacity 10504K, committed 10752K, reserved 1058816K
  class space    used 1117K, capacity 1176K, committed 1280K, reserved 1048576K
}
Event: 13.426 GC heap before
{Heap before GC invocations=2 (full 0):
 def new generation   total 17216K, used 17216K [0x00000000c8000000, 0x00000000c92a0000, 0x00000000daaa0000)
  eden space 15360K, 100% used [0x00000000c8000000, 0x00000000c8f00000, 0x00000000c8f00000)
  from space 1856K, 100% used [0x00000000c8f00000, 0x00000000c90d0000, 0x00000000c90d0000)
  to   space 1856K,   0% used [0x00000000c90d0000, 0x00000000c90d0000, 0x00000000c92a0000)
 tenured generation   total 38272K, used 3335K [0x00000000daaa0000, 0x00000000dd000000, 0x0000000100000000)
   the space 38272K,   8% used [0x00000000daaa0000, 0x00000000dade1dd8, 0x00000000dade1e00, 0x00000000dd000000)
 Metaspace       used 12724K, capacity 12814K, committed 13056K, reserved 1060864K
  class space    used 1438K, capacity 1497K, committed 1536K, reserved 1048576K
Event: 13.435 GC heap after
Heap after GC invocations=3 (full 0):
 def new generation   total 17216K, used 1856K [0x00000000c8000000, 0x00000000c92a0000, 0x00000000daaa0000)
  eden space 15360K,   0% used [0x00000000c8000000, 0x00000000c8000000, 0x00000000c8f00000)
  from space 1856K, 100% used [0x00000000c90d0000, 0x00000000c92a0000, 0x00000000c92a0000)
  to   space 1856K,   0% used [0x00000000c8f00000, 0x00000000c8f00000, 0x00000000c90d0000)
 tenured generation   total 38272K, used 6094K [0x00000000daaa0000, 0x00000000dd000000, 0x0000000100000000)
   the space 38272K,  15% used [0x00000000daaa0000, 0x00000000db093a90, 0x00000000db093c00, 0x00000000dd000000)
 Metaspace       used 12724K, capacity 12814K, committed 13056K, reserved 1060864K
  class space    used 1438K, capacity 1497K, committed 1536K, reserved 1048576K
}
Event: 15.808 GC heap before
{Heap before GC invocations=3 (full 0):
 def new generation   total 17216K, used 17216K [0x00000000c8000000, 0x00000000c92a0000, 0x00000000daaa0000)
  eden space 15360K, 100% used [0x00000000c8000000, 0x00000000c8f00000, 0x00000000c8f00000)
  from space 1856K, 100% used [0x00000000c90d0000, 0x00000000c92a0000, 0x00000000c92a0000)
  to   space 1856K,   0% used [0x00000000c8f00000, 0x00000000c8f00000, 0x00000000c90d0000)
 tenured generation   total 38272K, used 6094K [0x00000000daaa0000, 0x00000000dd000000, 0x0000000100000000)
   the space 38272K,  15% used [0x00000000daaa0000, 0x00000000db093a90, 0x00000000db093c00, 0x00000000dd000000)
 Metaspace       used 13407K, capacity 13536K, committed 13696K, reserved 1060864K
  class space    used 1508K, capacity 1564K, committed 1664K, reserved 1048576K
Event: 15.814 GC heap after
Heap after GC invocations=4 (full 0):
 def new generation   total 17216K, used 972K [0x00000000c8000000, 0x00000000c92a0000, 0x00000000daaa0000)
  eden space 15360K,   0% used [0x00000000c8000000, 0x00000000c8000000, 0x00000000c8f00000)
  from space 1856K,  52% used [0x00000000c8f00000, 0x00000000c8ff33f0, 0x00000000c90d0000)
  to   space 1856K,   0% used [0x00000000c90d0000, 0x00000000c90d0000, 0x00000000c92a0000)
 tenured generation   total 38272K, used 7945K [0x00000000daaa0000, 0x00000000dd000000, 0x0000000100000000)
   the space 38272K,  20% used [0x00000000daaa0000, 0x00000000db2626c0, 0x00000000db262800, 0x00000000dd000000)
 Metaspace       used 13407K, capacity 13536K, committed 13696K, reserved 1060864K
  class space    used 1508K, capacity 1564K, committed 1664K, reserved 1048576K
}

