<?xml version="1.0" encoding="UTF-8"?>
<testng-results skipped="0" failed="0" total="1" passed="1">
  <reporter-output>
  </reporter-output>
  <suite name="Default suite" duration-ms="289106" started-at="2017-11-23T17:10:07Z" finished-at="2017-11-23T17:14:56Z">
    <groups>
    </groups>
    <test name="Default test" duration-ms="289106" started-at="2017-11-23T17:10:07Z" finished-at="2017-11-23T17:14:56Z">
      <class name="runClasses.CTPQATC1">
        <test-method status="PASS" signature="getDriver()[pri:0, instance:runClasses.CTPQATC1@598067a5]" name="getDriver" is-config="true" duration-ms="6825" started-at="2017-11-23T17:10:07Z" finished-at="2017-11-23T17:10:14Z">
          <reporter-output>
          </reporter-output>
        </test-method> <!-- getDriver -->
        <test-method status="PASS" signature="landing_Page()[pri:0, instance:runClasses.CTPQATC1@598067a5]" name="landing_Page" duration-ms="279959" started-at="2017-11-23T17:10:14Z" finished-at="2017-11-23T17:14:54Z">
          <reporter-output>
          </reporter-output>
        </test-method> <!-- landing_Page -->
        <test-method status="PASS" signature="closeDriver()[pri:0, instance:runClasses.CTPQATC1@598067a5]" name="closeDriver" is-config="true" duration-ms="2322" started-at="2017-11-23T17:14:54Z" finished-at="2017-11-23T17:14:56Z">
          <reporter-output>
          </reporter-output>
        </test-method> <!-- closeDriver -->
        <test-method status="PASS" signature="closebrowsers()[pri:0, instance:runClasses.CTPQATC1@598067a5]" name="closebrowsers" is-config="true" duration-ms="403" started-at="2017-11-23T17:14:56Z" finished-at="2017-11-23T17:14:57Z">
          <reporter-output>
          </reporter-output>
        </test-method> <!-- closebrowsers -->
      </class> <!-- runClasses.CTPQATC1 -->
    </test> <!-- Default test -->
  </suite> <!-- Default suite -->
</testng-results>
